<?xml version="1.0" encoding="utf-8"?><testsuites name="pytest tests"><testsuite name="pytest" errors="0" failures="0" skipped="0" tests="7" time="9.392" timestamp="2026-03-07T02:25:07.650916+00:00" hostname="agent-env-a8defe13-0a74-45b2-9c80-76ccebcd758e"><testcase classname="tests.test_auth_patient_flow.TestSupabaseAuth" name="test_admin_login_supabase_direct" time="0.344" /><testcase classname="tests.test_auth_patient_flow.TestPatientCreation" name="test_create_patient_without_auth_returns_401" time="0.163" /><testcase classname="tests.test_auth_patient_flow.TestPatientCreation" name="test_create_patient_with_custom_password" time="4.543" /><testcase classname="tests.test_auth_patient_flow.TestPatientCreation" name="test_create_patient_without_password_sets_random" time="2.034" /><testcase classname="tests.test_auth_patient_flow.TestPatientCreation" name="test_create_patient_with_short_password_uses_random" time="2.000" /><testcase classname="tests.test_auth_patient_flow.TestBackendAPIAccess" name="test_backend_reachable" time="0.148" /><testcase classname="tests.test_auth_patient_flow.TestBackendAPIAccess" name="test_api_admin_patients_create_method_not_allowed" time="0.102" /></testsuite></testsuites>