<?xml version="1.0" encoding="utf-8"?><testsuites name="pytest tests"><testsuite name="pytest" errors="0" failures="0" skipped="0" tests="13" time="2.860" timestamp="2026-03-07T02:47:51.034467+00:00" hostname="agent-env-a8defe13-0a74-45b2-9c80-76ccebcd758e"><testcase classname="backend.tests.test_patient_scoring.TestScoringEndpointAuth" name="test_get_score_without_auth_returns_401" time="0.179" /><testcase classname="backend.tests.test_patient_scoring.TestScoringEndpointAuth" name="test_post_batch_scores_without_auth_returns_401" time="0.117" /><testcase classname="backend.tests.test_patient_scoring.TestSinglePatientScore" name="test_get_patient_score_returns_correct_structure" time="0.737" /><testcase classname="backend.tests.test_patient_scoring.TestSinglePatientScore" name="test_score_is_in_valid_range" time="0.223" /><testcase classname="backend.tests.test_patient_scoring.TestSinglePatientScore" name="test_status_matches_score_range" time="0.175" /><testcase classname="backend.tests.test_patient_scoring.TestSinglePatientScore" name="test_factors_have_correct_structure" time="0.204" /><testcase classname="backend.tests.test_patient_scoring.TestSinglePatientScore" name="test_alerts_is_list" time="0.182" /><testcase classname="backend.tests.test_patient_scoring.TestBatchScores" name="test_batch_scores_returns_correct_structure" time="0.205" /><testcase classname="backend.tests.test_patient_scoring.TestBatchScores" name="test_empty_batch_returns_empty_object" time="0.056" /><testcase classname="backend.tests.test_patient_scoring.TestBatchScores" name="test_single_patient_in_batch" time="0.178" /><testcase classname="backend.tests.test_patient_scoring.TestBatchScores" name="test_nonexistent_patient_handled_gracefully" time="0.172" /><testcase classname="backend.tests.test_patient_scoring.TestScoreCalculation" name="test_total_score_equals_sum_of_factors" time="0.175" /><testcase classname="backend.tests.test_patient_scoring.TestScoreCalculation" name="test_factor_weights_are_correct" time="0.184" /></testsuite></testsuites>